{"G:\\TrainingJS\\training-react\\single_app\\src\\App.js": {"path":"G:\\TrainingJS\\training-react\\single_app\\src\\App.js","statementMap":{"0":{"start":{"line":7,"column":12},"end":{"line":16,"column":1}},"1":{"start":{"line":8,"column":2},"end":{"line":15,"column":4}}},"fnMap":{"0":{"name":"(anonymous_0)","decl":{"start":{"line":7,"column":12},"end":{"line":7,"column":13}},"loc":{"start":{"line":7,"column":18},"end":{"line":16,"column":1}},"line":7}},"branchMap":{},"s":{"0":1,"1":0},"f":{"0":0},"b":{},"_coverageSchema":"1a1c01bbd47fc00a2c39e90264f33305004495a9","hash":"9c53eae0c90dda659ba529e3d57b9563d4742eae"}
,"G:\\TrainingJS\\training-react\\single_app\\src\\components\\Board.js": {"path":"G:\\TrainingJS\\training-react\\single_app\\src\\components\\Board.js","statementMap":{"0":{"start":{"line":7,"column":8},"end":{"line":9,"column":9}},"1":{"start":{"line":8,"column":12},"end":{"line":8,"column":19}},"2":{"start":{"line":10,"column":28},"end":{"line":10,"column":43}},"3":{"start":{"line":11,"column":8},"end":{"line":15,"column":9}},"4":{"start":{"line":12,"column":12},"end":{"line":12,"column":33}},"5":{"start":{"line":14,"column":12},"end":{"line":14,"column":33}},"6":{"start":{"line":16,"column":8},"end":{"line":16,"column":28}},"7":{"start":{"line":19,"column":19},"end":{"line":19,"column":42}},"8":{"start":{"line":21,"column":4},"end":{"line":28,"column":5}},"9":{"start":{"line":22,"column":8},"end":{"line":22,"column":38}},"10":{"start":{"line":24,"column":8},"end":{"line":24,"column":58}},"11":{"start":{"line":25,"column":8},"end":{"line":27,"column":9}},"12":{"start":{"line":26,"column":12},"end":{"line":26,"column":28}},"13":{"start":{"line":30,"column":4},"end":{"line":51,"column":5}},"14":{"start":{"line":36,"column":64},"end":{"line":36,"column":78}},"15":{"start":{"line":37,"column":64},"end":{"line":37,"column":78}},"16":{"start":{"line":38,"column":64},"end":{"line":38,"column":78}},"17":{"start":{"line":41,"column":64},"end":{"line":41,"column":78}},"18":{"start":{"line":42,"column":64},"end":{"line":42,"column":78}},"19":{"start":{"line":43,"column":64},"end":{"line":43,"column":78}},"20":{"start":{"line":46,"column":64},"end":{"line":46,"column":78}},"21":{"start":{"line":47,"column":64},"end":{"line":47,"column":78}},"22":{"start":{"line":48,"column":64},"end":{"line":48,"column":78}}},"fnMap":{"0":{"name":"Board","decl":{"start":{"line":4,"column":9},"end":{"line":4,"column":14}},"loc":{"start":{"line":4,"column":45},"end":{"line":52,"column":1}},"line":4},"1":{"name":"handleClick","decl":{"start":{"line":6,"column":13},"end":{"line":6,"column":24}},"loc":{"start":{"line":6,"column":28},"end":{"line":17,"column":5}},"line":6},"2":{"name":"(anonymous_2)","decl":{"start":{"line":36,"column":58},"end":{"line":36,"column":59}},"loc":{"start":{"line":36,"column":64},"end":{"line":36,"column":78}},"line":36},"3":{"name":"(anonymous_3)","decl":{"start":{"line":37,"column":58},"end":{"line":37,"column":59}},"loc":{"start":{"line":37,"column":64},"end":{"line":37,"column":78}},"line":37},"4":{"name":"(anonymous_4)","decl":{"start":{"line":38,"column":58},"end":{"line":38,"column":59}},"loc":{"start":{"line":38,"column":64},"end":{"line":38,"column":78}},"line":38},"5":{"name":"(anonymous_5)","decl":{"start":{"line":41,"column":58},"end":{"line":41,"column":59}},"loc":{"start":{"line":41,"column":64},"end":{"line":41,"column":78}},"line":41},"6":{"name":"(anonymous_6)","decl":{"start":{"line":42,"column":58},"end":{"line":42,"column":59}},"loc":{"start":{"line":42,"column":64},"end":{"line":42,"column":78}},"line":42},"7":{"name":"(anonymous_7)","decl":{"start":{"line":43,"column":58},"end":{"line":43,"column":59}},"loc":{"start":{"line":43,"column":64},"end":{"line":43,"column":78}},"line":43},"8":{"name":"(anonymous_8)","decl":{"start":{"line":46,"column":58},"end":{"line":46,"column":59}},"loc":{"start":{"line":46,"column":64},"end":{"line":46,"column":78}},"line":46},"9":{"name":"(anonymous_9)","decl":{"start":{"line":47,"column":58},"end":{"line":47,"column":59}},"loc":{"start":{"line":47,"column":64},"end":{"line":47,"column":78}},"line":47},"10":{"name":"(anonymous_10)","decl":{"start":{"line":48,"column":58},"end":{"line":48,"column":59}},"loc":{"start":{"line":48,"column":64},"end":{"line":48,"column":78}},"line":48}},"branchMap":{"0":{"loc":{"start":{"line":7,"column":8},"end":{"line":9,"column":9}},"type":"if","locations":[{"start":{"line":7,"column":8},"end":{"line":9,"column":9}},{"start":{},"end":{}}],"line":7},"1":{"loc":{"start":{"line":7,"column":12},"end":{"line":7,"column":49}},"type":"binary-expr","locations":[{"start":{"line":7,"column":12},"end":{"line":7,"column":22}},{"start":{"line":7,"column":26},"end":{"line":7,"column":49}}],"line":7},"2":{"loc":{"start":{"line":11,"column":8},"end":{"line":15,"column":9}},"type":"if","locations":[{"start":{"line":11,"column":8},"end":{"line":15,"column":9}},{"start":{"line":13,"column":15},"end":{"line":15,"column":9}}],"line":11},"3":{"loc":{"start":{"line":21,"column":4},"end":{"line":28,"column":5}},"type":"if","locations":[{"start":{"line":21,"column":4},"end":{"line":28,"column":5}},{"start":{"line":23,"column":11},"end":{"line":28,"column":5}}],"line":21},"4":{"loc":{"start":{"line":24,"column":37},"end":{"line":24,"column":56}},"type":"cond-expr","locations":[{"start":{"line":24,"column":47},"end":{"line":24,"column":50}},{"start":{"line":24,"column":53},"end":{"line":24,"column":56}}],"line":24},"5":{"loc":{"start":{"line":25,"column":8},"end":{"line":27,"column":9}},"type":"if","locations":[{"start":{"line":25,"column":8},"end":{"line":27,"column":9}},{"start":{},"end":{}}],"line":25}},"s":{"0":1,"1":0,"2":1,"3":1,"4":1,"5":0,"6":1,"7":8,"8":8,"9":1,"10":7,"11":7,"12":1,"13":8,"14":1,"15":0,"16":0,"17":0,"18":0,"19":0,"20":0,"21":0,"22":0},"f":{"0":8,"1":1,"2":1,"3":0,"4":0,"5":0,"6":0,"7":0,"8":0,"9":0,"10":0},"b":{"0":[0,1],"1":[1,1],"2":[1,0],"3":[1,7],"4":[6,1],"5":[1,6]},"_coverageSchema":"1a1c01bbd47fc00a2c39e90264f33305004495a9","hash":"c2306770b516ede301d44d6a9c7f3faa98102373"}
,"G:\\TrainingJS\\training-react\\single_app\\src\\components\\Game.js": {"path":"G:\\TrainingJS\\training-react\\single_app\\src\\components\\Game.js","statementMap":{"0":{"start":{"line":6,"column":32},"end":{"line":6,"column":63}},"1":{"start":{"line":7,"column":40},"end":{"line":7,"column":51}},"2":{"start":{"line":8,"column":18},"end":{"line":8,"column":39}},"3":{"start":{"line":9,"column":25},"end":{"line":9,"column":45}},"4":{"start":{"line":10,"column":23},"end":{"line":10,"column":44}},"5":{"start":{"line":13,"column":23},"end":{"line":13,"column":74}},"6":{"start":{"line":14,"column":4},"end":{"line":14,"column":27}},"7":{"start":{"line":15,"column":4},"end":{"line":15,"column":41}},"8":{"start":{"line":19,"column":4},"end":{"line":19,"column":29}},"9":{"start":{"line":22,"column":15},"end":{"line":34,"column":4}},"10":{"start":{"line":24,"column":4},"end":{"line":28,"column":5}},"11":{"start":{"line":25,"column":6},"end":{"line":25,"column":43}},"12":{"start":{"line":27,"column":6},"end":{"line":27,"column":34}},"13":{"start":{"line":29,"column":4},"end":{"line":33,"column":5}},"14":{"start":{"line":31,"column":31},"end":{"line":31,"column":43}},"15":{"start":{"line":36,"column":17},"end":{"line":39,"column":3}},"16":{"start":{"line":37,"column":4},"end":{"line":37,"column":29}},"17":{"start":{"line":38,"column":4},"end":{"line":38,"column":22}},"18":{"start":{"line":41,"column":2},"end":{"line":55,"column":3}}},"fnMap":{"0":{"name":"Game","decl":{"start":{"line":5,"column":9},"end":{"line":5,"column":13}},"loc":{"start":{"line":5,"column":16},"end":{"line":56,"column":1}},"line":5},"1":{"name":"handlePlay","decl":{"start":{"line":12,"column":11},"end":{"line":12,"column":21}},"loc":{"start":{"line":12,"column":35},"end":{"line":16,"column":3}},"line":12},"2":{"name":"jumpTo","decl":{"start":{"line":18,"column":11},"end":{"line":18,"column":17}},"loc":{"start":{"line":18,"column":28},"end":{"line":20,"column":3}},"line":18},"3":{"name":"(anonymous_3)","decl":{"start":{"line":22,"column":27},"end":{"line":22,"column":28}},"loc":{"start":{"line":22,"column":46},"end":{"line":34,"column":3}},"line":22},"4":{"name":"(anonymous_4)","decl":{"start":{"line":31,"column":25},"end":{"line":31,"column":26}},"loc":{"start":{"line":31,"column":31},"end":{"line":31,"column":43}},"line":31},"5":{"name":"(anonymous_5)","decl":{"start":{"line":36,"column":17},"end":{"line":36,"column":18}},"loc":{"start":{"line":36,"column":23},"end":{"line":39,"column":3}},"line":36}},"branchMap":{"0":{"loc":{"start":{"line":24,"column":4},"end":{"line":28,"column":5}},"type":"if","locations":[{"start":{"line":24,"column":4},"end":{"line":28,"column":5}},{"start":{"line":26,"column":11},"end":{"line":28,"column":5}}],"line":24}},"s":{"0":3,"1":3,"2":3,"3":3,"4":3,"5":0,"6":0,"7":0,"8":1,"9":3,"10":3,"11":0,"12":3,"13":3,"14":1,"15":3,"16":1,"17":1,"18":3},"f":{"0":3,"1":0,"2":1,"3":3,"4":1,"5":1},"b":{"0":[0,3]},"_coverageSchema":"1a1c01bbd47fc00a2c39e90264f33305004495a9","hash":"f28afa872b61b97066c887a66ac0733fd89fec4f"}
,"G:\\TrainingJS\\training-react\\single_app\\src\\components\\Square.js": {"path":"G:\\TrainingJS\\training-react\\single_app\\src\\components\\Square.js","statementMap":{"0":{"start":{"line":4,"column":4},"end":{"line":4,"column":81}}},"fnMap":{"0":{"name":"Square","decl":{"start":{"line":3,"column":9},"end":{"line":3,"column":15}},"loc":{"start":{"line":3,"column":42},"end":{"line":5,"column":1}},"line":3}},"branchMap":{},"s":{"0":74},"f":{"0":74},"b":{},"_coverageSchema":"1a1c01bbd47fc00a2c39e90264f33305004495a9","hash":"91e281390f6dfa3944df735bfca7c0922b99863c"}
,"G:\\TrainingJS\\training-react\\single_app\\src\\routes\\PageLoad.js": {"path":"G:\\TrainingJS\\training-react\\single_app\\src\\routes\\PageLoad.js","statementMap":{"0":{"start":{"line":4,"column":17},"end":{"line":8,"column":1}},"1":{"start":{"line":5,"column":4},"end":{"line":7,"column":6}}},"fnMap":{"0":{"name":"(anonymous_0)","decl":{"start":{"line":4,"column":17},"end":{"line":4,"column":18}},"loc":{"start":{"line":4,"column":23},"end":{"line":8,"column":1}},"line":4}},"branchMap":{},"s":{"0":1,"1":0},"f":{"0":0},"b":{},"_coverageSchema":"1a1c01bbd47fc00a2c39e90264f33305004495a9","hash":"877b93273a43fd2ef73e687bc0a997421fb2aba4"}
}
