TN:
SF:src\App.js
FN:7,(anonymous_0)
FNF:1
FNH:0
FNDA:0,(anonymous_0)
DA:7,1
DA:8,0
LF:2
LH:1
BRF:0
BRH:0
end_of_record
TN:
SF:src\components\Board.js
FN:4,Board
FN:6,handleClick
FN:36,(anonymous_2)
FN:37,(anonymous_3)
FN:38,(anonymous_4)
FN:41,(anonymous_5)
FN:42,(anonymous_6)
FN:43,(anonymous_7)
FN:46,(anonymous_8)
FN:47,(anonymous_9)
FN:48,(anonymous_10)
FNF:11
FNH:3
FNDA:8,Board
FNDA:1,handleClick
FNDA:1,(anonymous_2)
FNDA:0,(anonymous_3)
FNDA:0,(anonymous_4)
FNDA:0,(anonymous_5)
FNDA:0,(anonymous_6)
FNDA:0,(anonymous_7)
FNDA:0,(anonymous_8)
FNDA:0,(anonymous_9)
FNDA:0,(anonymous_10)
DA:7,1
DA:8,0
DA:10,1
DA:11,1
DA:12,1
DA:14,0
DA:16,1
DA:19,8
DA:21,8
DA:22,1
DA:24,7
DA:25,7
DA:26,1
DA:30,8
DA:36,1
DA:37,0
DA:38,0
DA:41,0
DA:42,0
DA:43,0
DA:46,0
DA:47,0
DA:48,0
LF:23
LH:13
BRDA:7,0,0,0
BRDA:7,0,1,1
BRDA:7,1,0,1
BRDA:7,1,1,1
BRDA:11,2,0,1
BRDA:11,2,1,0
BRDA:21,3,0,1
BRDA:21,3,1,7
BRDA:24,4,0,6
BRDA:24,4,1,1
BRDA:25,5,0,1
BRDA:25,5,1,6
BRF:12
BRH:10
end_of_record
TN:
SF:src\components\Game.js
FN:5,Game
FN:12,handlePlay
FN:18,jumpTo
FN:22,(anonymous_3)
FN:31,(anonymous_4)
FN:36,(anonymous_5)
FNF:6
FNH:5
FNDA:3,Game
FNDA:0,handlePlay
FNDA:1,jumpTo
FNDA:3,(anonymous_3)
FNDA:1,(anonymous_4)
FNDA:1,(anonymous_5)
DA:6,3
DA:7,3
DA:8,3
DA:9,3
DA:10,3
DA:13,0
DA:14,0
DA:15,0
DA:19,1
DA:22,3
DA:24,3
DA:25,0
DA:27,3
DA:29,3
DA:31,1
DA:36,3
DA:37,1
DA:38,1
DA:41,3
LF:19
LH:15
BRDA:24,0,0,0
BRDA:24,0,1,3
BRF:2
BRH:1
end_of_record
TN:
SF:src\components\Square.js
FN:3,Square
FNF:1
FNH:1
FNDA:74,Square
DA:4,74
LF:1
LH:1
BRF:0
BRH:0
end_of_record
TN:
SF:src\routes\PageLoad.js
FN:4,(anonymous_0)
FNF:1
FNH:0
FNDA:0,(anonymous_0)
DA:4,1
DA:5,0
LF:2
LH:1
BRF:0
BRH:0
end_of_record
